<?xml version="1.0" encoding="UTF-8"?>
<testsuite xmlns:xsi="http://www.w3.org/2001/XMLSchema-instance" xsi:noNamespaceSchemaLocation="https://maven.apache.org/surefire/maven-surefire-plugin/xsd/surefire-test-report-3.0.xsd" version="3.0" name="com.example.audit.config.AuditConfigTest" time="3.893" tests="1" errors="0" skipped="0" failures="0">
  <properties>
[...]
</properties>
  <testcase name="testHandlerTypeProperty" classname="com.example.audit.config.AuditConfigTest" time="0.027">
    <system-out><![CDATA[11:00:14.945 [main] DEBUG org.springframework.test.context.BootstrapUtils - Instantiating CacheAwareContextLoaderDelegate from class [org.springframework.test.context.cache.DefaultCacheAwareContextLoaderDelegate]
11:00:14.955 [main] DEBUG org.springframework.test.context.BootstrapUtils - Instantiating BootstrapContext using constructor [public org.springframework.test.context.support.DefaultBootstrapContext(java.lang.Class,org.springframework.test.context.CacheAwareContextLoaderDelegate)]
11:00:14.993 [main] DEBUG org.springframework.test.context.BootstrapUtils - Instantiating TestContextBootstrapper for test class [com.example.audit.config.AuditConfigTest] from class [org.springframework.boot.test.context.SpringBootTestContextBootstrapper]
11:00:15.001 [main] INFO org.springframework.boot.test.context.SpringBootTestContextBootstrapper - Neither @ContextConfiguration nor @ContextHierarchy found for test class [com.example.audit.config.AuditConfigTest], using SpringBootContextLoader
11:00:15.007 [main] DEBUG org.springframework.test.context.support.AbstractContextLoader - Did not detect default resource location for test class [com.example.audit.config.AuditConfigTest]: class path resource [com/example/audit/config/AuditConfigTest-context.xml] does not exist
11:00:15.007 [main] DEBUG org.springframework.test.context.support.AbstractContextLoader - Did not detect default resource location for test class [com.example.audit.config.AuditConfigTest]: class path resource [com/example/audit/config/AuditConfigTestContext.groovy] does not exist
11:00:15.007 [main] INFO org.springframework.test.context.support.AbstractContextLoader - Could not detect default resource locations for test class [com.example.audit.config.AuditConfigTest]: no resource found for suffixes {-context.xml, Context.groovy}.
11:00:15.008 [main] INFO org.springframework.test.context.support.AnnotationConfigContextLoaderUtils - Could not detect default configuration classes for test class [com.example.audit.config.AuditConfigTest]: AuditConfigTest does not declare any static, non-private, non-final, nested classes annotated with @Configuration.
11:00:15.038 [main] DEBUG org.springframework.test.context.support.ActiveProfilesUtils - Could not find an 'annotation declaring class' for annotation type [org.springframework.test.context.ActiveProfiles] and class [com.example.audit.config.AuditConfigTest]
11:00:15.096 [main] DEBUG org.springframework.context.annotation.ClassPathScanningCandidateComponentProvider - Identified candidate component class: file [D:\prasad\audit\audit-framework\target\classes\com\example\audit\AuditFrameworkApplication.class]
11:00:15.097 [main] INFO org.springframework.boot.test.context.SpringBootTestContextBootstrapper - Found @SpringBootConfiguration com.example.audit.AuditFrameworkApplication for test class com.example.audit.config.AuditConfigTest
11:00:15.161 [main] DEBUG org.springframework.boot.test.context.SpringBootTestContextBootstrapper - @TestExecutionListeners is not present for class [com.example.audit.config.AuditConfigTest]: using defaults.
11:00:15.162 [main] INFO org.springframework.boot.test.context.SpringBootTestContextBootstrapper - Loaded default TestExecutionListener class names from location [META-INF/spring.factories]: [org.springframework.boot.test.mock.mockito.MockitoTestExecutionListener, org.springframework.boot.test.mock.mockito.ResetMocksTestExecutionListener, org.springframework.boot.test.autoconfigure.restdocs.RestDocsTestExecutionListener, org.springframework.boot.test.autoconfigure.web.client.MockRestServiceServerResetTestExecutionListener, org.springframework.boot.test.autoconfigure.web.servlet.MockMvcPrintOnlyOnFailureTestExecutionListener, org.springframework.boot.test.autoconfigure.web.servlet.WebDriverTestExecutionListener, org.springframework.boot.test.autoconfigure.webservices.client.MockWebServiceServerTestExecutionListener, org.springframework.test.context.web.ServletTestExecutionListener, org.springframework.test.context.support.DirtiesContextBeforeModesTestExecutionListener, org.springframework.test.context.event.ApplicationEventsTestExecutionListener, org.springframework.test.context.support.DependencyInjectionTestExecutionListener, org.springframework.test.context.support.DirtiesContextTestExecutionListener, org.springframework.test.context.transaction.TransactionalTestExecutionListener, org.springframework.test.context.jdbc.SqlScriptsTestExecutionListener, org.springframework.test.context.event.EventPublishingTestExecutionListener]
11:00:15.169 [main] INFO org.springframework.boot.test.context.SpringBootTestContextBootstrapper - Using TestExecutionListeners: [org.springframework.test.context.web.ServletTestExecutionListener@33f98231, org.springframework.test.context.support.DirtiesContextBeforeModesTestExecutionListener@48284d0e, org.springframework.test.context.event.ApplicationEventsTestExecutionListener@557286ad, org.springframework.boot.test.mock.mockito.MockitoTestExecutionListener@b10a26d, org.springframework.boot.test.autoconfigure.SpringBootDependencyInjectionTestExecutionListener@74075134, org.springframework.test.context.support.DirtiesContextTestExecutionListener@7e4d2287, org.springframework.test.context.transaction.TransactionalTestExecutionListener@3f4b840d, org.springframework.test.context.jdbc.SqlScriptsTestExecutionListener@31464a43, org.springframework.test.context.event.EventPublishingTestExecutionListener@7f8633ae, org.springframework.boot.test.mock.mockito.ResetMocksTestExecutionListener@68c87fc3, org.springframework.boot.test.autoconfigure.restdocs.RestDocsTestExecutionListener@bc0f53b, org.springframework.boot.test.autoconfigure.web.client.MockRestServiceServerResetTestExecutionListener@8d7b252, org.springframework.boot.test.autoconfigure.web.servlet.MockMvcPrintOnlyOnFailureTestExecutionListener@4682eba5, org.springframework.boot.test.autoconfigure.web.servlet.WebDriverTestExecutionListener@6d9fb2d1, org.springframework.boot.test.autoconfigure.webservices.client.MockWebServiceServerTestExecutionListener@61fafb74]
11:00:15.172 [main] DEBUG org.springframework.test.context.support.AbstractDirtiesContextTestExecutionListener - Before test class: context [DefaultTestContext@38eb2c50 testClass = AuditConfigTest, testInstance = [null], testMethod = [null], testException = [null], mergedContextConfiguration = [WebMergedContextConfiguration@8bffb8b testClass = AuditConfigTest, locations = '{}', classes = '{class com.example.audit.AuditFrameworkApplication}', contextInitializerClasses = '[]', activeProfiles = '{}', propertySourceLocations = '{}', propertySourceProperties = '{audit.handler.type=database, org.springframework.boot.test.context.SpringBootTestContextBootstrapper=true}', contextCustomizers = set[org.springframework.boot.test.context.filter.ExcludeFilterContextCustomizer@3d7cc3cb, org.springframework.boot.test.json.DuplicateJsonObjectContextCustomizerFactory$DuplicateJsonObjectContextCustomizer@41d7b27f, org.springframework.boot.test.mock.mockito.MockitoContextCustomizer@a02d2578, org.springframework.boot.test.web.client.TestRestTemplateContextCustomizer@64e1dd11, org.springframework.boot.test.autoconfigure.actuate.metrics.MetricsExportContextCustomizerFactory$DisableMetricExportContextCustomizer@4b6ac111, org.springframework.boot.test.autoconfigure.properties.PropertyMappingContextCustomizer@0, org.springframework.boot.test.autoconfigure.web.servlet.WebDriverContextCustomizerFactory$Customizer@69b2f8e5, org.springframework.boot.test.context.SpringBootTestArgs@1, org.springframework.boot.test.context.SpringBootTestWebEnvironment@2aa5fe93], resourceBasePath = 'src/main/webapp', contextLoader = 'org.springframework.boot.test.context.SpringBootContextLoader', parent = [null]], attributes = map['org.springframework.test.context.web.ServletTestExecutionListener.activateListener' -> true]], class annotated with @DirtiesContext [false] with mode [null].

  .   ____          _            __ _ _
 /\\ / ___'_ __ _ _(_)_ __  __ _ \ \ \ \
( ( )\___ | '_ | '_| | '_ \/ _` | \ \ \ \
 \\/  ___)| |_)| | | | | || (_| |  ) ) ) )
  '  |____| .__|_| |_|_| |_\__, | / / / /
 =========|_|==============|___/=/_/_/_/
 :: Spring Boot ::                (v2.7.5)

2025-02-16 11:00:15.422  INFO 10040 --- [           main] c.example.audit.config.AuditConfigTest   : Starting AuditConfigTest using Java 17.0.14 on vasudha with PID 10040 (started by vasud in D:\prasad\audit\audit-framework)
2025-02-16 11:00:15.423 DEBUG 10040 --- [           main] c.example.audit.config.AuditConfigTest   : Running with Spring Boot v2.7.5, Spring v5.3.13
2025-02-16 11:00:15.425  INFO 10040 --- [           main] c.example.audit.config.AuditConfigTest   : No active profile set, falling back to 1 default profile: "default"
2025-02-16 11:00:15.896  INFO 10040 --- [           main] .s.d.r.c.RepositoryConfigurationDelegate : Bootstrapping Spring Data JPA repositories in DEFAULT mode.
2025-02-16 11:00:15.939  INFO 10040 --- [           main] .s.d.r.c.RepositoryConfigurationDelegate : Finished Spring Data repository scanning in 35 ms. Found 2 JPA repository interfaces.
2025-02-16 11:00:16.681  INFO 10040 --- [           main] o.hibernate.jpa.internal.util.LogHelper  : HHH000204: Processing PersistenceUnitInfo [name: default]
2025-02-16 11:00:16.731  INFO 10040 --- [           main] org.hibernate.Version                    : HHH000412: Hibernate ORM core version 5.6.12.Final
2025-02-16 11:00:16.768  INFO 10040 --- [           main] o.hibernate.annotations.common.Version   : HCANN000001: Hibernate Commons Annotations {5.1.2.Final}
2025-02-16 11:00:16.922  INFO 10040 --- [           main] com.zaxxer.hikari.HikariDataSource       : HikariPool-1 - Starting...
2025-02-16 11:00:17.059  INFO 10040 --- [           main] com.zaxxer.hikari.HikariDataSource       : HikariPool-1 - Start completed.
2025-02-16 11:00:17.086  INFO 10040 --- [           main] org.hibernate.dialect.Dialect            : HHH000400: Using dialect: org.hibernate.dialect.H2Dialect
Hibernate: create table audit_log (id bigint generated by default as identity, action varchar(255) not null, changed_by varchar(255) not null, new_value varchar(255) not null, old_value varchar(255) not null, timestamp timestamp not null, primary key (id))
Hibernate: create table failed_audit_log (id bigint generated by default as identity, action varchar(255), actor varchar(255), actual_time timestamp, details varchar(255), error_message varchar(255), primary key (id))
2025-02-16 11:00:17.434  INFO 10040 --- [           main] o.h.e.t.j.p.i.JtaPlatformInitiator       : HHH000490: Using JtaPlatform implementation: [org.hibernate.engine.transaction.jta.platform.internal.NoJtaPlatform]
2025-02-16 11:00:17.443  INFO 10040 --- [           main] j.LocalContainerEntityManagerFactoryBean : Initialized JPA EntityManagerFactory for persistence unit 'default'
2025-02-16 11:00:18.013  WARN 10040 --- [           main] JpaBaseConfiguration$JpaWebConfiguration : spring.jpa.open-in-view is enabled by default. Therefore, database queries may be performed during view rendering. Explicitly configure spring.jpa.open-in-view to disable this warning
2025-02-16 11:00:18.753  INFO 10040 --- [           main] c.example.audit.config.AuditConfigTest   : Started AuditConfigTest in 3.553 seconds (JVM running for 4.858)
]]></system-out>
  </testcase>
</testsuite>